#
# There is insufficient memory for the Java Runtime Environment to continue.
# Native memory allocation (malloc) failed to allocate 32744 bytes for ChunkPool::allocate
# Possible reasons:
#   The system is out of physical RAM or swap space
#   The process is running with CompressedOops enabled, and the Java Heap may be blocking the growth of the native heap
# Possible solutions:
#   Reduce memory load on the system
#   Increase physical memory or swap space
#   Check if swap backing store is full
#   Decrease Java heap size (-Xmx/-Xms)
#   Decrease number of Java threads
#   Decrease Java thread stack sizes (-Xss)
#   Set larger code cache with -XX:ReservedCodeCacheSize=
#   JVM is running with Unscaled Compressed Oops mode in which the Java heap is
#     placed in the first 4GB address space. The Java Heap base address is the
#     maximum limit for the native heap growth. Please use -XX:HeapBaseMinAddress
#     to set the Java Heap base and to place the Java Heap above 4GB virtual address.
# This output file may be truncated or incomplete.
#
#  Out of Memory Error (arena.cpp:78), pid=18424, tid=19544
#
# JRE version: OpenJDK Runtime Environment Temurin-17.0.6+10 (17.0.6+10) (build 17.0.6+10)
# Java VM: OpenJDK 64-Bit Server VM Temurin-17.0.6+10 (17.0.6+10, mixed mode, tiered, compressed oops, compressed class ptrs, g1 gc, windows-amd64)
# No core dump will be written. Minidumps are not enabled by default on client versions of Windows
#

---------------  S U M M A R Y ------------

Command Line: -Dfile.encoding=UTF-8 -XX:+ShowCodeDetailsInExceptionMessages com.Test.demo

Host: Intel(R) Core(TM) i3-4030U CPU @ 1.90GHz, 4 cores, 3G,  Windows 10 , 64 bit Build 19041 (10.0.19041.3636)
Time: Mon Apr 15 14:32:18 2024 India Standard Time elapsed time: 0.769412 seconds (0d 0h 0m 0s)

---------------  T H R E A D  ---------------

Current thread (0x00000201a97113c0):  JavaThread "C2 CompilerThread0" daemon [_thread_in_native, id=19544, stack(0x0000009e1ac00000,0x0000009e1ad00000)]


Current CompileTask:
C2:    769  391       4       java.lang.String::startsWith (138 bytes)

Stack: [0x0000009e1ac00000,0x0000009e1ad00000]
Native frames: (J=compiled Java code, j=interpreted, Vv=VM code, C=native code)
V  [jvm.dll+0x67741a]
V  [jvm.dll+0x834434]
V  [jvm.dll+0x835bde]
V  [jvm.dll+0x836243]
V  [jvm.dll+0x2457b5]
V  [jvm.dll+0xabd1c]
V  [jvm.dll+0xac0cc]
V  [jvm.dll+0x55f6e3]
V  [jvm.dll+0x32ddd0]
V  [jvm.dll+0x32d24a]
V  [jvm.dll+0x2185f1]
V  [jvm.dll+0x217a11]
V  [jvm.dll+0x1a3d0d]
V  [jvm.dll+0x22742a]
V  [jvm.dll+0x225565]
V  [jvm.dll+0x7ea2cb]
V  [jvm.dll+0x7e483a]
V  [jvm.dll+0x6762c5]
C  [ucrtbase.dll+0x21bb2]
C  [KERNEL32.DLL+0x17344]
C  [ntdll.dll+0x526b1]


---------------  P R O C E S S  ---------------

Threads class SMR info:
_java_thread_list=0x00000201a9666410, length=12, elements={
0x000002019261bc70, 0x00000201a96b8540, 0x00000201a96b98b0, 0x00000201a96fc290,
0x00000201a96fce40, 0x00000201a96ff800, 0x00000201a97106e0, 0x00000201a97113c0,
0x00000201a9711e60, 0x00000201a9726460, 0x00000201aa23d6d0, 0x00000201aa256420
}

Java Threads: ( => current thread )
  0x000002019261bc70 JavaThread "main" [_thread_in_native, id=14396, stack(0x0000009e19f00000,0x0000009e1a000000)]
  0x00000201a96b8540 JavaThread "Reference Handler" daemon [_thread_blocked, id=16596, stack(0x0000009e1a600000,0x0000009e1a700000)]
  0x00000201a96b98b0 JavaThread "Finalizer" daemon [_thread_blocked, id=15992, stack(0x0000009e1a700000,0x0000009e1a800000)]
  0x00000201a96fc290 JavaThread "Signal Dispatcher" daemon [_thread_blocked, id=19508, stack(0x0000009e1a800000,0x0000009e1a900000)]
  0x00000201a96fce40 JavaThread "Attach Listener" daemon [_thread_blocked, id=1824, stack(0x0000009e1a900000,0x0000009e1aa00000)]
  0x00000201a96ff800 JavaThread "Service Thread" daemon [_thread_blocked, id=1688, stack(0x0000009e1aa00000,0x0000009e1ab00000)]
  0x00000201a97106e0 JavaThread "Monitor Deflation Thread" daemon [_thread_blocked, id=19152, stack(0x0000009e1ab00000,0x0000009e1ac00000)]
=>0x00000201a97113c0 JavaThread "C2 CompilerThread0" daemon [_thread_in_native, id=19544, stack(0x0000009e1ac00000,0x0000009e1ad00000)]
  0x00000201a9711e60 JavaThread "C1 CompilerThread0" daemon [_thread_blocked, id=13276, stack(0x0000009e1ad00000,0x0000009e1ae00000)]
  0x00000201a9726460 JavaThread "Sweeper thread" daemon [_thread_blocked, id=3284, stack(0x0000009e1ae00000,0x0000009e1af00000)]
  0x00000201aa23d6d0 JavaThread "Notification Thread" daemon [_thread_blocked, id=12008, stack(0x0000009e1af00000,0x0000009e1b000000)]
  0x00000201aa256420 JavaThread "Common-Cleaner" daemon [_thread_blocked, id=15076, stack(0x0000009e1b100000,0x0000009e1b200000)]

Other Threads:
  0x00000201a96b2610 VMThread "VM Thread" [stack: 0x0000009e1a500000,0x0000009e1a600000] [id=16928]
  0x00000201aa23ffc0 WatcherThread [stack: 0x0000009e1b000000,0x0000009e1b100000] [id=16316]
  0x0000020192657340 GCTaskThread "GC Thread#0" [stack: 0x0000009e1a000000,0x0000009e1a100000] [id=17244]
  0x00000201926606e0 ConcurrentGCThread "G1 Main Marker" [stack: 0x0000009e1a100000,0x0000009e1a200000] [id=14284]
  0x00000201926610f0 ConcurrentGCThread "G1 Conc#0" [stack: 0x0000009e1a200000,0x0000009e1a300000] [id=5844]
  0x00000201926b24a0 ConcurrentGCThread "G1 Refine#0" [stack: 0x0000009e1a300000,0x0000009e1a400000] [id=9148]
  0x00000201926b2ec0 ConcurrentGCThread "G1 Service" [stack: 0x0000009e1a400000,0x0000009e1a500000] [id=18684]

Threads with active compile tasks:
C2 CompilerThread0      864  391       4       java.lang.String::startsWith (138 bytes)

VM state: not at safepoint (normal execution)

VM Mutex/Monitor currently owned by a thread: None

Heap address: 0x00000000c1a00000, size: 998 MB, Compressed Oops mode: 32-bit

CDS archive(s) not mapped
Compressed class space mapped at: 0x0000000100000000-0x0000000140000000, reserved size: 1073741824
Narrow klass base: 0x0000000000000000, Narrow klass shift: 3, Narrow klass range: 0x140000000

GC Precious Log:
 CPUs: 4 total, 4 available
 Memory: 3988M
 Large Page Support: Disabled
 NUMA Support: Disabled
 Compressed Oops: Enabled (32-bit)
 Heap Region Size: 1M
 Heap Min Capacity: 8M
 Heap Initial Capacity: 64M
 Heap Max Capacity: 998M
 Pre-touch: Disabled
 Parallel Workers: 4
 Concurrent Workers: 1
 Concurrent Refinement Workers: 4
 Periodic GC: Disabled

Heap:
 garbage-first heap   total 65536K, used 10240K [0x00000000c1a00000, 0x0000000100000000)
  region size 1024K, 9 young (9216K), 0 survivors (0K)
 Metaspace       used 7860K, committed 8000K, reserved 1056768K
  class space    used 693K, committed 768K, reserved 1048576K

Heap Regions: E=young(eden), S=young(survivor), O=old, HS=humongous(starts), HC=humongous(continues), CS=collection set, F=free, OA=open archive, CA=closed archive, TAMS=top-at-mark-start (previous, next)
|   0|0x00000000c1a00000, 0x00000000c1b00000, 0x00000000c1b00000|100%|HS|  |TAMS 0x00000000c1a00000, 0x00000000c1a00000| Complete 
|   1|0x00000000c1b00000, 0x00000000c1c00000, 0x00000000c1c00000|100%|HS|  |TAMS 0x00000000c1b00000, 0x00000000c1b00000| Complete 
|   2|0x00000000c1c00000, 0x00000000c1d00000, 0x00000000c1d00000|100%|HS|  |TAMS 0x00000000c1c00000, 0x00000000c1c00000| Complete 
|   3|0x00000000c1d00000, 0x00000000c1d00000, 0x00000000c1e00000|  0%| F|  |TAMS 0x00000000c1d00000, 0x00000000c1d00000| Untracked 
|   4|0x00000000c1e00000, 0x00000000c1e00000, 0x00000000c1f00000|  0%| F|  |TAMS 0x00000000c1e00000, 0x00000000c1e00000| Untracked 
|   5|0x00000000c1f00000, 0x00000000c1f00000, 0x00000000c2000000|  0%| F|  |TAMS 0x00000000c1f00000, 0x00000000c1f00000| Untracked 
|   6|0x00000000c2000000, 0x00000000c2000000, 0x00000000c2100000|  0%| F|  |TAMS 0x00000000c2000000, 0x00000000c2000000| Untracked 
|   7|0x00000000c2100000, 0x00000000c2100000, 0x00000000c2200000|  0%| F|  |TAMS 0x00000000c2100000, 0x00000000c2100000| Untracked 
|   8|0x00000000c2200000, 0x00000000c2200000, 0x00000000c2300000|  0%| F|  |TAMS 0x00000000c2200000, 0x00000000c2200000| Untracked 
|   9|0x00000000c2300000, 0x00000000c2300000, 0x00000000c2400000|  0%| F|  |TAMS 0x00000000c2300000, 0x00000000c2300000| Untracked 
|  10|0x00000000c2400000, 0x00000000c2400000, 0x00000000c2500000|  0%| F|  |TAMS 0x00000000c2400000, 0x00000000c2400000| Untracked 
|  11|0x00000000c2500000, 0x00000000c2500000, 0x00000000c2600000|  0%| F|  |TAMS 0x00000000c2500000, 0x00000000c2500000| Untracked 
|  12|0x00000000c2600000, 0x00000000c2600000, 0x00000000c2700000|  0%| F|  |TAMS 0x00000000c2600000, 0x00000000c2600000| Untracked 
|  13|0x00000000c2700000, 0x00000000c2700000, 0x00000000c2800000|  0%| F|  |TAMS 0x00000000c2700000, 0x00000000c2700000| Untracked 
|  14|0x00000000c2800000, 0x00000000c2800000, 0x00000000c2900000|  0%| F|  |TAMS 0x00000000c2800000, 0x00000000c2800000| Untracked 
|  15|0x00000000c2900000, 0x00000000c2900000, 0x00000000c2a00000|  0%| F|  |TAMS 0x00000000c2900000, 0x00000000c2900000| Untracked 
|  16|0x00000000c2a00000, 0x00000000c2a00000, 0x00000000c2b00000|  0%| F|  |TAMS 0x00000000c2a00000, 0x00000000c2a00000| Untracked 
|  17|0x00000000c2b00000, 0x00000000c2b00000, 0x00000000c2c00000|  0%| F|  |TAMS 0x00000000c2b00000, 0x00000000c2b00000| Untracked 
|  18|0x00000000c2c00000, 0x00000000c2c00000, 0x00000000c2d00000|  0%| F|  |TAMS 0x00000000c2c00000, 0x00000000c2c00000| Untracked 
|  19|0x00000000c2d00000, 0x00000000c2d00000, 0x00000000c2e00000|  0%| F|  |TAMS 0x00000000c2d00000, 0x00000000c2d00000| Untracked 
|  20|0x00000000c2e00000, 0x00000000c2e00000, 0x00000000c2f00000|  0%| F|  |TAMS 0x00000000c2e00000, 0x00000000c2e00000| Untracked 
|  21|0x00000000c2f00000, 0x00000000c2f00000, 0x00000000c3000000|  0%| F|  |TAMS 0x00000000c2f00000, 0x00000000c2f00000| Untracked 
|  22|0x00000000c3000000, 0x00000000c3000000, 0x00000000c3100000|  0%| F|  |TAMS 0x00000000c3000000, 0x00000000c3000000| Untracked 
|  23|0x00000000c3100000, 0x00000000c3100000, 0x00000000c3200000|  0%| F|  |TAMS 0x00000000c3100000, 0x00000000c3100000| Untracked 
|  24|0x00000000c3200000, 0x00000000c3200000, 0x00000000c3300000|  0%| F|  |TAMS 0x00000000c3200000, 0x00000000c3200000| Untracked 
|  25|0x00000000c3300000, 0x00000000c3300000, 0x00000000c3400000|  0%| F|  |TAMS 0x00000000c3300000, 0x00000000c3300000| Untracked 
|  26|0x00000000c3400000, 0x00000000c3400000, 0x00000000c3500000|  0%| F|  |TAMS 0x00000000c3400000, 0x00000000c3400000| Untracked 
|  27|0x00000000c3500000, 0x00000000c3500000, 0x00000000c3600000|  0%| F|  |TAMS 0x00000000c3500000, 0x00000000c3500000| Untracked 
|  28|0x00000000c3600000, 0x00000000c3600000, 0x00000000c3700000|  0%| F|  |TAMS 0x00000000c3600000, 0x00000000c3600000| Untracked 
|  29|0x00000000c3700000, 0x00000000c3700000, 0x00000000c3800000|  0%| F|  |TAMS 0x00000000c3700000, 0x00000000c3700000| Untracked 
|  30|0x00000000c3800000, 0x00000000c3800000, 0x00000000c3900000|  0%| F|  |TAMS 0x00000000c3800000, 0x00000000c3800000| Untracked 
|  31|0x00000000c3900000, 0x00000000c3900000, 0x00000000c3a00000|  0%| F|  |TAMS 0x00000000c3900000, 0x00000000c3900000| Untracked 
|  32|0x00000000c3a00000, 0x00000000c3a00000, 0x00000000c3b00000|  0%| F|  |TAMS 0x00000000c3a00000, 0x00000000c3a00000| Untracked 
|  33|0x00000000c3b00000, 0x00000000c3b00000, 0x00000000c3c00000|  0%| F|  |TAMS 0x00000000c3b00000, 0x00000000c3b00000| Untracked 
|  34|0x00000000c3c00000, 0x00000000c3c00000, 0x00000000c3d00000|  0%| F|  |TAMS 0x00000000c3c00000, 0x00000000c3c00000| Untracked 
|  35|0x00000000c3d00000, 0x00000000c3d00000, 0x00000000c3e00000|  0%| F|  |TAMS 0x00000000c3d00000, 0x00000000c3d00000| Untracked 
|  36|0x00000000c3e00000, 0x00000000c3e00000, 0x00000000c3f00000|  0%| F|  |TAMS 0x00000000c3e00000, 0x00000000c3e00000| Untracked 
|  37|0x00000000c3f00000, 0x00000000c3f00000, 0x00000000c4000000|  0%| F|  |TAMS 0x00000000c3f00000, 0x00000000c3f00000| Untracked 
|  38|0x00000000c4000000, 0x00000000c4000000, 0x00000000c4100000|  0%| F|  |TAMS 0x00000000c4000000, 0x00000000c4000000| Untracked 
|  39|0x00000000c4100000, 0x00000000c4100000, 0x00000000c4200000|  0%| F|  |TAMS 0x00000000c4100000, 0x00000000c4100000| Untracked 
|  40|0x00000000c4200000, 0x00000000c4200000, 0x00000000c4300000|  0%| F|  |TAMS 0x00000000c4200000, 0x00000000c4200000| Untracked 
|  41|0x00000000c4300000, 0x00000000c4300000, 0x00000000c4400000|  0%| F|  |TAMS 0x00000000c4300000, 0x00000000c4300000| Untracked 
|  42|0x00000000c4400000, 0x00000000c4400000, 0x00000000c4500000|  0%| F|  |TAMS 0x00000000c4400000, 0x00000000c4400000| Untracked 
|  43|0x00000000c4500000, 0x00000000c4500000, 0x00000000c4600000|  0%| F|  |TAMS 0x00000000c4500000, 0x00000000c4500000| Untracked 
|  44|0x00000000c4600000, 0x00000000c4600000, 0x00000000c4700000|  0%| F|  |TAMS 0x00000000c4600000, 0x00000000c4600000| Untracked 
|  45|0x00000000c4700000, 0x00000000c4700000, 0x00000000c4800000|  0%| F|  |TAMS 0x00000000c4700000, 0x00000000c4700000| Untracked 
|  46|0x00000000c4800000, 0x00000000c4800000, 0x00000000c4900000|  0%| F|  |TAMS 0x00000000c4800000, 0x00000000c4800000| Untracked 
|  47|0x00000000c4900000, 0x00000000c4900000, 0x00000000c4a00000|  0%| F|  |TAMS 0x00000000c4900000, 0x00000000c4900000| Untracked 
|  48|0x00000000c4a00000, 0x00000000c4a00000, 0x00000000c4b00000|  0%| F|  |TAMS 0x00000000c4a00000, 0x00000000c4a00000| Untracked 
|  49|0x00000000c4b00000, 0x00000000c4b00000, 0x00000000c4c00000|  0%| F|  |TAMS 0x00000000c4b00000, 0x00000000c4b00000| Untracked 
|  50|0x00000000c4c00000, 0x00000000c4c00000, 0x00000000c4d00000|  0%| F|  |TAMS 0x00000000c4c00000, 0x00000000c4c00000| Untracked 
|  51|0x00000000c4d00000, 0x00000000c4d00000, 0x00000000c4e00000|  0%| F|  |TAMS 0x00000000c4d00000, 0x00000000c4d00000| Untracked 
|  52|0x00000000c4e00000, 0x00000000c4e00000, 0x00000000c4f00000|  0%| F|  |TAMS 0x00000000c4e00000, 0x00000000c4e00000| Untracked 
|  53|0x00000000c4f00000, 0x00000000c4f00000, 0x00000000c5000000|  0%| F|  |TAMS 0x00000000c4f00000, 0x00000000c4f00000| Untracked 
|  54|0x00000000c5000000, 0x00000000c5000000, 0x00000000c5100000|  0%| F|  |TAMS 0x00000000c5000000, 0x00000000c5000000| Untracked 
|  55|0x00000000c5100000, 0x00000000c5185d08, 0x00000000c5200000| 52%| E|  |TAMS 0x00000000c5100000, 0x00000000c5100000| Complete 
|  56|0x00000000c5200000, 0x00000000c5300000, 0x00000000c5300000|100%| E|CS|TAMS 0x00000000c5200000, 0x00000000c5200000| Complete 
|  57|0x00000000c5300000, 0x00000000c5400000, 0x00000000c5400000|100%| E|  |TAMS 0x00000000c5300000, 0x00000000c5300000| Complete 
|  58|0x00000000c5400000, 0x00000000c5500000, 0x00000000c5500000|100%| E|CS|TAMS 0x00000000c5400000, 0x00000000c5400000| Complete 
|  59|0x00000000c5500000, 0x00000000c5600000, 0x00000000c5600000|100%| E|CS|TAMS 0x00000000c5500000, 0x00000000c5500000| Complete 
|  60|0x00000000c5600000, 0x00000000c5700000, 0x00000000c5700000|100%| E|CS|TAMS 0x00000000c5600000, 0x00000000c5600000| Complete 
|  61|0x00000000c5700000, 0x00000000c5800000, 0x00000000c5800000|100%| E|CS|TAMS 0x00000000c5700000, 0x00000000c5700000| Complete 
|  62|0x00000000c5800000, 0x00000000c5900000, 0x00000000c5900000|100%| E|CS|TAMS 0x00000000c5800000, 0x00000000c5800000| Complete 
|  63|0x00000000c5900000, 0x00000000c5a00000, 0x00000000c5a00000|100%| E|CS|TAMS 0x00000000c5900000, 0x00000000c5900000| Complete 

Card table byte_map: [0x00000201a4ed0000,0x00000201a50d0000] _byte_map_base: 0x00000201a48c3000

Marking Bits (Prev, Next): (CMBitMap*) 0x0000020192657950, (CMBitMap*) 0x0000020192657990
 Prev Bits: [0x00000201a52d0000, 0x00000201a6268000)
 Next Bits: [0x00000201a6270000, 0x00000201a7208000)

Polling page: 0x00000201907b0000

Metaspace:

Usage:
  Non-class:      7.02 MB used.
      Class:    697.95 KB used.
       Both:      7.70 MB used.

Virtual space:
  Non-class space:        8.00 MB reserved,       7.06 MB ( 88%) committed,  1 nodes.
      Class space:        1.00 GB reserved,     768.00 KB ( <1%) committed,  1 nodes.
             Both:        1.01 GB reserved,       7.81 MB ( <1%) committed. 

Chunk freelists:
   Non-Class:  860.00 KB
       Class:  3.22 MB
        Both:  4.06 MB

MaxMetaspaceSize: unlimited
CompressedClassSpaceSize: 1.00 GB
Initial GC threshold: 21.00 MB
Current GC threshold: 21.00 MB
CDS: off
MetaspaceReclaimPolicy: balanced
 - commit_granule_bytes: 65536.
 - commit_granule_words: 8192.
 - virtual_space_node_default_size: 1048576.
 - enlarge_chunks_in_place: 1.
 - new_chunks_are_fully_committed: 0.
 - uncommit_free_chunks: 1.
 - use_allocation_guard: 0.
 - handle_deallocations: 1.


Internal statistics:

num_allocs_failed_limit: 0.
num_arena_births: 12.
num_arena_deaths: 0.
num_vsnodes_births: 2.
num_vsnodes_deaths: 0.
num_space_committed: 125.
num_space_uncommitted: 0.
num_chunks_returned_to_freelist: 0.
num_chunks_taken_from_freelist: 41.
num_chunk_merges: 0.
num_chunk_splits: 18.
num_chunks_enlarged: 15.
num_purges: 0.
num_inconsistent_stats: 0.

CodeHeap 'non-profiled nmethods': size=120000Kb used=127Kb max_used=127Kb free=119872Kb
 bounds [0x000002019d7a0000, 0x000002019da10000, 0x00000201a4cd0000]
CodeHeap 'profiled nmethods': size=120000Kb used=691Kb max_used=691Kb free=119309Kb
 bounds [0x0000020195cd0000, 0x0000020195f40000, 0x000002019d200000]
CodeHeap 'non-nmethods': size=5760Kb used=1122Kb max_used=1122Kb free=4637Kb
 bounds [0x000002019d200000, 0x000002019d470000, 0x000002019d7a0000]
 total_blobs=827 nmethods=424 adapters=316
 compilation: enabled
              stopped_count=0, restarted_count=0
 full_count=0

Compilation events (20 events):
Event: 0.736 Thread 0x00000201a97113c0  390       4       java.lang.StringLatin1::lastIndexOf (40 bytes)
Event: 0.737 Thread 0x00000201a9711e60  392       3       java.lang.String::getChars (54 bytes)
Event: 0.737 Thread 0x00000201a9711e60 nmethod 392 0x0000020195d5a510 code [0x0000020195d5a700, 0x0000020195d5ab78]
Event: 0.738 Thread 0x00000201a9711e60  393       3       java.lang.StringLatin1::getChars (12 bytes)
Event: 0.738 Thread 0x00000201a9711e60 nmethod 393 0x0000020195d5ad90 code [0x0000020195d5af20, 0x0000020195d5b048]
Event: 0.738 Thread 0x00000201a9711e60  394       1       java.util.zip.ZipEntry::getSize (5 bytes)
Event: 0.738 Thread 0x00000201a9711e60 nmethod 394 0x000002019d7bca90 code [0x000002019d7bcc20, 0x000002019d7bccf8]
Event: 0.738 Thread 0x00000201a9711e60  396       3       sun.net.www.ParseUtil::encodePath (41 bytes)
Event: 0.738 Thread 0x00000201a9711e60 nmethod 396 0x0000020195d5b110 code [0x0000020195d5b2e0, 0x0000020195d5b548]
Event: 0.739 Thread 0x00000201a9711e60  397       3       java.lang.String::indexOf (18 bytes)
Event: 0.740 Thread 0x00000201a9711e60 nmethod 397 0x0000020195d5b610 code [0x0000020195d5b7e0, 0x0000020195d5baa8]
Event: 0.740 Thread 0x00000201a9711e60  398       3       java.lang.String::indexOf (113 bytes)
Event: 0.740 Thread 0x00000201a9711e60 nmethod 398 0x0000020195d5bc10 code [0x0000020195d5be40, 0x0000020195d5c468]
Event: 0.740 Thread 0x00000201a9711e60  399       3       sun.net.www.protocol.file.Handler::parseURL (18 bytes)
Event: 0.741 Thread 0x00000201a9711e60 nmethod 399 0x0000020195d5c610 code [0x0000020195d5c7c0, 0x0000020195d5c978]
Event: 0.741 Thread 0x00000201a9711e60  400       3       java.net.URLStreamHandler::parseURL (1201 bytes)
Event: 0.742 Thread 0x00000201a97113c0 nmethod 390 0x000002019d7bcd90 code [0x000002019d7bcf00, 0x000002019d7bd098]
Event: 0.742 Thread 0x00000201a97113c0  395 %     4       java.lang.StringLatin1::indexOf @ 30 (121 bytes)
Event: 0.753 Thread 0x00000201a97113c0 nmethod 395% 0x000002019d7bd190 code [0x000002019d7bd320, 0x000002019d7bd718]
Event: 0.753 Thread 0x00000201a97113c0  391       4       java.lang.String::startsWith (138 bytes)

GC Heap History (0 events):
No events

Dll operation events (5 events):
Event: 0.019 Loaded shared library C:\Users\Windows 10\.p2\pool\plugins\org.eclipse.justj.openjdk.hotspot.jre.full.win32.x86_64_17.0.6.v20230204-1729\jre\bin\java.dll
Event: 0.321 Loaded shared library C:\Users\Windows 10\.p2\pool\plugins\org.eclipse.justj.openjdk.hotspot.jre.full.win32.x86_64_17.0.6.v20230204-1729\jre\bin\net.dll
Event: 0.325 Loaded shared library C:\Users\Windows 10\.p2\pool\plugins\org.eclipse.justj.openjdk.hotspot.jre.full.win32.x86_64_17.0.6.v20230204-1729\jre\bin\nio.dll
Event: 0.342 Loaded shared library C:\Users\Windows 10\.p2\pool\plugins\org.eclipse.justj.openjdk.hotspot.jre.full.win32.x86_64_17.0.6.v20230204-1729\jre\bin\zip.dll
Event: 0.517 Loaded shared library C:\Users\Windows 10\.p2\pool\plugins\org.eclipse.justj.openjdk.hotspot.jre.full.win32.x86_64_17.0.6.v20230204-1729\jre\bin\jimage.dll

Deoptimization events (12 events):
Event: 0.281 Thread 0x000002019261bc70 Uncommon trap: trap_request=0xffffff45 fr.pc=0x000002019d7a11dc relative=0x000000000000005c
Event: 0.281 Thread 0x000002019261bc70 Uncommon trap: reason=unstable_if action=reinterpret pc=0x000002019d7a11dc method=java.lang.String.isLatin1()Z @ 10 c2
Event: 0.281 Thread 0x000002019261bc70 DEOPT PACKING pc=0x000002019d7a11dc sp=0x0000009e19ffe750
Event: 0.281 Thread 0x000002019261bc70 DEOPT UNPACKING pc=0x000002019d2569a3 sp=0x0000009e19ffe6e0 mode 2
Event: 0.281 Thread 0x000002019261bc70 Uncommon trap: trap_request=0xffffff45 fr.pc=0x000002019d7a14f4 relative=0x0000000000000074
Event: 0.281 Thread 0x000002019261bc70 Uncommon trap: reason=unstable_if action=reinterpret pc=0x000002019d7a14f4 method=java.lang.String.isLatin1()Z @ 10 c2
Event: 0.281 Thread 0x000002019261bc70 DEOPT PACKING pc=0x000002019d7a14f4 sp=0x0000009e19fff150
Event: 0.282 Thread 0x000002019261bc70 DEOPT UNPACKING pc=0x000002019d2569a3 sp=0x0000009e19fff090 mode 2
Event: 0.406 Thread 0x000002019261bc70 DEOPT PACKING pc=0x0000020195ce95e7 sp=0x0000009e19ffb070
Event: 0.406 Thread 0x000002019261bc70 DEOPT UNPACKING pc=0x000002019d257143 sp=0x0000009e19ffa490 mode 0
Event: 0.667 Thread 0x000002019261bc70 DEOPT PACKING pc=0x0000020195d22656 sp=0x0000009e19ffc820
Event: 0.667 Thread 0x000002019261bc70 DEOPT UNPACKING pc=0x000002019d257143 sp=0x0000009e19ffbcc0 mode 0

Classes unloaded (0 events):
No events

Classes redefined (0 events):
No events

Internal exceptions (0 events):
No events

VM Operations (2 events):
Event: 0.361 Executing VM operation: HandshakeAllThreads
Event: 0.361 Executing VM operation: HandshakeAllThreads done

Events (20 events):
Event: 0.696 loading class java/lang/IllegalThreadStateException
Event: 0.696 loading class java/lang/IllegalThreadStateException done
Event: 0.744 loading class java/net/SocketAddress
Event: 0.744 loading class java/net/SocketAddress done
Event: 0.745 loading class java/net/InetSocketAddress
Event: 0.745 loading class java/net/InetSocketAddress done
Event: 0.745 loading class java/net/ConnectException
Event: 0.746 loading class java/net/SocketException
Event: 0.746 loading class java/net/SocketException done
Event: 0.746 loading class java/net/ConnectException done
Event: 0.746 loading class java/net/UnknownHostException
Event: 0.746 loading class java/net/UnknownHostException done
Event: 0.746 loading class java/net/SocketTimeoutException
Event: 0.746 loading class java/io/InterruptedIOException
Event: 0.746 loading class java/io/InterruptedIOException done
Event: 0.746 loading class java/net/SocketTimeoutException done
Event: 0.746 loading class java/util/Random
Event: 0.747 loading class java/util/random/RandomGenerator
Event: 0.748 loading class java/util/random/RandomGenerator done
Event: 0.748 loading class java/util/Random done


Dynamic libraries:
0x00007ff7189b0000 - 0x00007ff7189be000 	C:\Users\Windows 10\.p2\pool\plugins\org.eclipse.justj.openjdk.hotspot.jre.full.win32.x86_64_17.0.6.v20230204-1729\jre\bin\javaw.exe
0x00007ffa9e430000 - 0x00007ffa9e628000 	C:\Windows\SYSTEM32\ntdll.dll
0x00007ffa9c750000 - 0x00007ffa9c80d000 	C:\Windows\System32\KERNEL32.DLL
0x00007ffa9c020000 - 0x00007ffa9c316000 	C:\Windows\System32\KERNELBASE.dll
0x00007ffa9bae0000 - 0x00007ffa9bbe0000 	C:\Windows\System32\ucrtbase.dll
0x00007ffa968b0000 - 0x00007ffa968c9000 	C:\Users\Windows 10\.p2\pool\plugins\org.eclipse.justj.openjdk.hotspot.jre.full.win32.x86_64_17.0.6.v20230204-1729\jre\bin\VCRUNTIME140.dll
0x00007ffa96a80000 - 0x00007ffa96a97000 	C:\Users\Windows 10\.p2\pool\plugins\org.eclipse.justj.openjdk.hotspot.jre.full.win32.x86_64_17.0.6.v20230204-1729\jre\bin\jli.dll
0x00007ffa9dd50000 - 0x00007ffa9deee000 	C:\Windows\System32\USER32.dll
0x00007ffa9c430000 - 0x00007ffa9c452000 	C:\Windows\System32\win32u.dll
0x00007ffa9d750000 - 0x00007ffa9d77b000 	C:\Windows\System32\GDI32.dll
0x00007ffa9bf00000 - 0x00007ffa9c017000 	C:\Windows\System32\gdi32full.dll
0x00007ffa9c390000 - 0x00007ffa9c42d000 	C:\Windows\System32\msvcp_win.dll
0x00007ffa86d30000 - 0x00007ffa86fca000 	C:\Windows\WinSxS\amd64_microsoft.windows.common-controls_6595b64144ccf1df_6.0.19041.3636_none_60b6a03d71f818d5\COMCTL32.dll
0x00007ffa9c460000 - 0x00007ffa9c4fe000 	C:\Windows\System32\msvcrt.dll
0x00007ffa9d700000 - 0x00007ffa9d732000 	C:\Windows\System32\IMM32.DLL
0x00007ffa96a70000 - 0x00007ffa96a7c000 	C:\Users\Windows 10\.p2\pool\plugins\org.eclipse.justj.openjdk.hotspot.jre.full.win32.x86_64_17.0.6.v20230204-1729\jre\bin\vcruntime140_1.dll
0x00007ffa81b10000 - 0x00007ffa81ba1000 	C:\Users\Windows 10\.p2\pool\plugins\org.eclipse.justj.openjdk.hotspot.jre.full.win32.x86_64_17.0.6.v20230204-1729\jre\bin\msvcp140.dll
0x00007ffa63bf0000 - 0x00007ffa64837000 	C:\Users\Windows 10\.p2\pool\plugins\org.eclipse.justj.openjdk.hotspot.jre.full.win32.x86_64_17.0.6.v20230204-1729\jre\bin\server\jvm.dll
0x00007ffa9c810000 - 0x00007ffa9c8c0000 	C:\Windows\System32\ADVAPI32.dll
0x00007ffa9c630000 - 0x00007ffa9c6d0000 	C:\Windows\System32\sechost.dll
0x00007ffa9ca90000 - 0x00007ffa9cbb5000 	C:\Windows\System32\RPCRT4.dll
0x00007ffa9be80000 - 0x00007ffa9bea7000 	C:\Windows\System32\bcrypt.dll
0x00007ffa976b0000 - 0x00007ffa976d7000 	C:\Windows\SYSTEM32\WINMM.dll
0x00007ffa97120000 - 0x00007ffa97129000 	C:\Windows\SYSTEM32\WSOCK32.dll
0x00007ffa9d5b0000 - 0x00007ffa9d61b000 	C:\Windows\System32\WS2_32.dll
0x00007ffa948c0000 - 0x00007ffa948ca000 	C:\Windows\SYSTEM32\VERSION.dll
0x00007ffa99950000 - 0x00007ffa99962000 	C:\Windows\SYSTEM32\kernel.appcore.dll
0x00007ffa97110000 - 0x00007ffa9711a000 	C:\Users\Windows 10\.p2\pool\plugins\org.eclipse.justj.openjdk.hotspot.jre.full.win32.x86_64_17.0.6.v20230204-1729\jre\bin\jimage.dll
0x00007ffa882f0000 - 0x00007ffa884d4000 	C:\Windows\SYSTEM32\DBGHELP.DLL
0x00007ffa89e70000 - 0x00007ffa89ea4000 	C:\Windows\SYSTEM32\dbgcore.DLL
0x00007ffa9bd40000 - 0x00007ffa9bdc2000 	C:\Windows\System32\bcryptPrimitives.dll
0x00007ffa8cd10000 - 0x00007ffa8cd35000 	C:\Users\Windows 10\.p2\pool\plugins\org.eclipse.justj.openjdk.hotspot.jre.full.win32.x86_64_17.0.6.v20230204-1729\jre\bin\java.dll
0x00007ffa96b50000 - 0x00007ffa96b68000 	C:\Users\Windows 10\.p2\pool\plugins\org.eclipse.justj.openjdk.hotspot.jre.full.win32.x86_64_17.0.6.v20230204-1729\jre\bin\zip.dll
0x00007ffa9ce40000 - 0x00007ffa9d5ab000 	C:\Windows\System32\SHELL32.dll
0x00007ffa99b50000 - 0x00007ffa9a2ee000 	C:\Windows\SYSTEM32\windows.storage.dll
0x00007ffa9d9f0000 - 0x00007ffa9dd43000 	C:\Windows\System32\combase.dll
0x00007ffa9b510000 - 0x00007ffa9b53e000 	C:\Windows\SYSTEM32\Wldp.dll
0x00007ffa9d630000 - 0x00007ffa9d6fd000 	C:\Windows\System32\OLEAUT32.dll
0x00007ffa9cbc0000 - 0x00007ffa9cc6d000 	C:\Windows\System32\SHCORE.dll
0x00007ffa9d780000 - 0x00007ffa9d7d5000 	C:\Windows\System32\shlwapi.dll
0x00007ffa9ba10000 - 0x00007ffa9ba35000 	C:\Windows\SYSTEM32\profapi.dll
0x00007ffa93cd0000 - 0x00007ffa93ce9000 	C:\Users\Windows 10\.p2\pool\plugins\org.eclipse.justj.openjdk.hotspot.jre.full.win32.x86_64_17.0.6.v20230204-1729\jre\bin\net.dll
0x00007ffa92540000 - 0x00007ffa9264a000 	C:\Windows\SYSTEM32\WINHTTP.dll
0x00007ffa9b270000 - 0x00007ffa9b2da000 	C:\Windows\system32\mswsock.dll
0x00007ffa8ce70000 - 0x00007ffa8ce85000 	C:\Users\Windows 10\.p2\pool\plugins\org.eclipse.justj.openjdk.hotspot.jre.full.win32.x86_64_17.0.6.v20230204-1729\jre\bin\nio.dll

dbghelp: loaded successfully - version: 4.0.5 - missing functions: none
symbol engine: initialized successfully - sym options: 0x614 - pdb path: .;C:\Users\Windows 10\.p2\pool\plugins\org.eclipse.justj.openjdk.hotspot.jre.full.win32.x86_64_17.0.6.v20230204-1729\jre\bin;C:\Windows\SYSTEM32;C:\Windows\WinSxS\amd64_microsoft.windows.common-controls_6595b64144ccf1df_6.0.19041.3636_none_60b6a03d71f818d5;C:\Users\Windows 10\.p2\pool\plugins\org.eclipse.justj.openjdk.hotspot.jre.full.win32.x86_64_17.0.6.v20230204-1729\jre\bin\server

VM Arguments:
jvm_args: -Dfile.encoding=UTF-8 -XX:+ShowCodeDetailsInExceptionMessages 
java_command: com.Test.demo
java_class_path (initial): C:\Users\Windows 10\eclipse-workspace\WebAutomation\target\test-classes;C:\Users\Windows 10\eclipse-workspace\WebAutomation\target\classes;C:\Users\Windows 10\.p2\pool\plugins\org.testng_7.9.0.r202312310341.jar;C:\Users\Windows 10\.p2\pool\plugins\com.beust.jcommander_1.82.0.jar;C:\Users\Windows 10\.p2\pool\plugins\org.apache-extras.beanshell.bsh_2.0.0.b6.jar;C:\Users\Windows 10\.p2\pool\plugins\org.yaml.snakeyaml_1.27.0.v20221112-0806.jar;C:\Users\Windows 10\.p2\pool\plugins\org.webjars.jquery_3.7.1.jar;C:\Users\Windows 10\.m2\repository\org\seleniumhq\selenium\selenium-java\3.141.59\selenium-java-3.141.59.jar;C:\Users\Windows 10\.m2\repository\org\seleniumhq\selenium\selenium-api\3.141.59\selenium-api-3.141.59.jar;C:\Users\Windows 10\.m2\repository\org\seleniumhq\selenium\selenium-chrome-driver\3.141.59\selenium-chrome-driver-3.141.59.jar;C:\Users\Windows 10\.m2\repository\org\seleniumhq\selenium\selenium-edge-driver\3.141.59\selenium-edge-driver-3.141.59.jar;C:\Users\Windows 10\.m2\repository\org\seleniumhq\selenium\selenium-firefox-driver\3.141.59\selenium-firefox-driver-3.141.59.jar;C:\Users\Windows 10\.m2\repository\org\seleniumhq\selenium\selenium-ie-driver\3.141.59\selenium-ie-driver-3.141.59.jar;C:\Users\Windows 10\.m2\repository\org\seleniumhq\selenium\selenium-opera-driver\3.141.59\selenium-opera-driver-3.141.59.jar;C:\Users\Windows 10\.m2\repository\org\seleniumhq\selenium\selenium-remote-driver\3.141.59\selenium-remote-driver-3.141.59.jar;C:\Users\Windows 10\.m2\repository\org\seleniumhq\selenium\selenium-safari-driver\3.141.59\selenium-safari-driver-3.141.59.jar;C:\Users\Windows 10\.m2\repository\org\seleniumhq\selenium\selenium-support\3.141.59\selenium-support-3.141.59.jar;C:\Users\Windows 10\.m2\repository\net\bytebuddy\byte-buddy\1.8.15\byte-buddy-1.8.15.jar;C:\Users\Windows 10\.m2\repository\org\apache\commons\commons-exec\1.3\commons-exec-1.3.jar;C:\Users\Windows 10\.m2\repository\com\google\guava\guava\25.0-jre\guava
Launcher Type: SUN_STANDARD

[Global flags]
     intx CICompilerCount                          = 3                                         {product} {ergonomic}
     uint ConcGCThreads                            = 1                                         {product} {ergonomic}
     uint G1ConcRefinementThreads                  = 4                                         {product} {ergonomic}
   size_t G1HeapRegionSize                         = 1048576                                   {product} {ergonomic}
    uintx GCDrainStackTargetSize                   = 64                                        {product} {ergonomic}
   size_t InitialHeapSize                          = 67108864                                  {product} {ergonomic}
   size_t MarkStackSize                            = 4194304                                   {product} {ergonomic}
   size_t MaxHeapSize                              = 1046478848                                {product} {ergonomic}
   size_t MaxNewSize                               = 627048448                                 {product} {ergonomic}
   size_t MinHeapDeltaBytes                        = 1048576                                   {product} {ergonomic}
   size_t MinHeapSize                              = 8388608                                   {product} {ergonomic}
    uintx NonNMethodCodeHeapSize                   = 5832780                                {pd product} {ergonomic}
    uintx NonProfiledCodeHeapSize                  = 122912730                              {pd product} {ergonomic}
    uintx ProfiledCodeHeapSize                     = 122912730                              {pd product} {ergonomic}
    uintx ReservedCodeCacheSize                    = 251658240                              {pd product} {ergonomic}
     bool SegmentedCodeCache                       = true                                      {product} {ergonomic}
     bool ShowCodeDetailsInExceptionMessages       = true                                   {manageable} {command line}
   size_t SoftMaxHeapSize                          = 1046478848                             {manageable} {ergonomic}
     bool UseCompressedClassPointers               = true                           {product lp64_product} {ergonomic}
     bool UseCompressedOops                        = true                           {product lp64_product} {ergonomic}
     bool UseG1GC                                  = true                                      {product} {ergonomic}
     bool UseLargePagesIndividualAllocation        = false                                  {pd product} {ergonomic}

Logging:
Log output configuration:
 #0: stdout all=warning uptime,level,tags
 #1: stderr all=off uptime,level,tags

Environment Variables:
CLASSPATH=C:\Program Files\mysql-connector-j-8.0.32
PATH=C:/Users/Windows 10/.p2/pool/plugins/org.eclipse.justj.openjdk.hotspot.jre.full.win32.x86_64_17.0.6.v20230204-1729/jre/bin/server;C:/Users/Windows 10/.p2/pool/plugins/org.eclipse.justj.openjdk.hotspot.jre.full.win32.x86_64_17.0.6.v20230204-1729/jre/bin;C:\Program Files\Common Files\Oracle\Java\javapath;C:\Windows\system32;C:\Windows;C:\Windows\System32\Wbem;C:\Windows\System32\WindowsPowerShell\v1.0\;C:\Windows\System32\OpenSSH\;C:\Windows\IsmFiles;C:\Program Files\MySQL\MySQL Server 8.0\bin;C:\Program Files\MySQL\MySQL Server 8.0\bin;C:\Program Files\mysql-connector-j-8.0.32;C:\Users\Windows 10\Downloads\mysql-connector-j-8.0.32\neww\mysql-connector-j-8.0.32;C:\Program Files\nodejs\;C:\Users\Windows 10\Desktop\sdk\cmdline-tools\tools\bin;C:\Users\Windows 10\Desktop\sdk\platform-tools;C:\Program Files\Git\cmd;C:\Program Files\MySQL\MySQL Shell 8.0\bin\;C:\Users\Windows 10\AppData\Local\Microsoft\WindowsApps;C:\Users\Windows 10\AppData\Roaming\npm;C:\Users\Windows 10\Desktop;
USERNAME=Windows 10
OS=Windows_NT
PROCESSOR_IDENTIFIER=Intel64 Family 6 Model 69 Stepping 1, GenuineIntel
TMP=C:\Users\WINDOW~1\AppData\Local\Temp
TEMP=C:\Users\WINDOW~1\AppData\Local\Temp



---------------  S Y S T E M  ---------------

OS:
 Windows 10 , 64 bit Build 19041 (10.0.19041.3636)
OS uptime: 7 days 2:07 hours

CPU: total 4 (initial active 4) (2 cores per cpu, 2 threads per core) family 6 model 69 stepping 1 microcode 0x25, cx8, cmov, fxsr, ht, mmx, sse, sse2, sse3, ssse3, sse4.1, sse4.2, popcnt, lzcnt, tsc, tscinvbit, avx, avx2, aes, erms, clmul, bmi1, bmi2, fma, vzeroupper, clflush

Memory: 4k page, system-wide physical 3988M (358M free)
TotalPageFile size 16276M (AvailPageFile size 0M)
current process WorkingSet (physical memory assigned to process): 52M, peak: 52M
current process commit charge ("private bytes"): 140M, peak: 140M

vm_info: OpenJDK 64-Bit Server VM (17.0.6+10) for windows-amd64 JRE (17.0.6+10), built on Jan 18 2023 10:08:59 by "temurin" with MS VC++ 16.7 (VS2019)

END.
